<?xml version="1.0" encoding="UTF-8"?>
<testng-results ignored="0" total="1" passed="1" failed="0" skipped="0">
  <reporter-output>
  </reporter-output>
  <suite started-at="2022-04-18T13:17:46 IST" name="Default suite" finished-at="2022-04-18T13:19:46 IST" duration-ms="119667">
    <groups>
    </groups>
    <test started-at="2022-04-18T13:17:46 IST" name="Default test" finished-at="2022-04-18T13:19:46 IST" duration-ms="119667">
      <class name="Payroll360Testcases.CompanypageTest">
        <test-method is-config="true" signature="login()[pri:0, instance:Payroll360Testcases.CompanypageTest@3835c46]" started-at="2022-04-18T13:17:47 IST" name="login" finished-at="2022-04-18T13:19:00 IST" duration-ms="73209" status="PASS">
          <reporter-output>
          </reporter-output>
        </test-method> <!-- login -->
        <test-method signature="createnewcomp(java.lang.String,java.lang.String,java.lang.String,java.lang.String,java.lang.String,java.lang.String)[pri:0, instance:Payroll360Testcases.CompanypageTest@3835c46]" started-at="2022-04-18T13:19:00 IST" name="createnewcomp" data-provider="getCompanyDetails" finished-at="2022-04-18T13:19:46 IST" duration-ms="45488" status="PASS">
          <params>
            <param index="0">
              <value>
                <![CDATA[VyomsAutomationedge]]>
              </value>
            </param>
            <param index="1">
              <value>
                <![CDATA[5325 Ballard Ave. NW]]>
              </value>
            </param>
            <param index="2">
              <value>
                <![CDATA[Suite 300]]>
              </value>
            </param>
            <param index="3">
              <value>
                <![CDATA[98107 206.331]]>
              </value>
            </param>
            <param index="4">
              <value>
                <![CDATA[Rio de Janeiro]]>
              </value>
            </param>
            <param index="5">
              <value>
                <![CDATA[Australia]]>
              </value>
            </param>
          </params>
          <reporter-output>
          </reporter-output>
        </test-method> <!-- createnewcomp -->
      </class> <!-- Payroll360Testcases.CompanypageTest -->
    </test> <!-- Default test -->
  </suite> <!-- Default suite -->
</testng-results>
